07.05.2025 - 15:00:44 - [TAB v4.1.8] An error occurred when reading packets
07.05.2025 - 15:00:44 - java.lang.NullPointerException: players is marked non-null but is null
07.05.2025 - 15:00:44 - 	at me.neznamy.tab.shared.platform.Scoreboard.onTeamPacket(Scoreboard.java:379)
07.05.2025 - 15:00:44 - 	at me.neznamy.tab.platforms.bukkit.scoreboard.packet.TeamPacketData.onPacketSend(TeamPacketData.java:312)
07.05.2025 - 15:00:44 - 	at me.neznamy.tab.platforms.bukkit.scoreboard.packet.PacketScoreboard.onPacketSend(PacketScoreboard.java:204)
07.05.2025 - 15:00:44 - 	at me.neznamy.tab.shared.features.injection.NettyPipelineInjector$TabChannelDuplexHandler.write(NettyPipelineInjector.java:94)
07.05.2025 - 15:00:44 - 	at io.netty.channel.AbstractChannelHandlerContext.invokeWrite0(AbstractChannelHandlerContext.java:717)
07.05.2025 - 15:00:44 - 	at io.netty.channel.AbstractChannelHandlerContext.invokeWrite(AbstractChannelHandlerContext.java:709)
07.05.2025 - 15:00:44 - 	at io.netty.channel.AbstractChannelHandlerContext.write(AbstractChannelHandlerContext.java:792)
07.05.2025 - 15:00:44 - 	at io.netty.channel.AbstractChannelHandlerContext.write(AbstractChannelHandlerContext.java:702)
07.05.2025 - 15:00:44 - 	at io.netty.channel.ChannelDuplexHandler.write(ChannelDuplexHandler.java:115)
07.05.2025 - 15:00:44 - 	at de.codingair.tradesystem.lib.codingapi.player.data.PacketReader$1.write(PacketReader.java:77)
07.05.2025 - 15:00:44 - 	at io.netty.channel.AbstractChannelHandlerContext.invokeWrite0(AbstractChannelHandlerContext.java:717)
07.05.2025 - 15:00:44 - 	at io.netty.channel.AbstractChannelHandlerContext.invokeWrite(AbstractChannelHandlerContext.java:709)
07.05.2025 - 15:00:44 - 	at io.netty.channel.AbstractChannelHandlerContext.write(AbstractChannelHandlerContext.java:792)
07.05.2025 - 15:00:44 - 	at io.netty.channel.AbstractChannelHandlerContext.write(AbstractChannelHandlerContext.java:702)
07.05.2025 - 15:00:44 - 	at io.netty.channel.ChannelDuplexHandler.write(ChannelDuplexHandler.java:115)
07.05.2025 - 15:00:44 - 	at de.codingair.tradesystem.lib.codingapi.player.data.PacketReader$1.write(PacketReader.java:77)
07.05.2025 - 15:00:44 - 	at io.netty.channel.AbstractChannelHandlerContext.invokeWrite0(AbstractChannelHandlerContext.java:717)
07.05.2025 - 15:00:44 - 	at io.netty.channel.AbstractChannelHandlerContext.invokeWriteAndFlush(AbstractChannelHandlerContext.java:764)
07.05.2025 - 15:00:44 - 	at io.netty.channel.AbstractChannelHandlerContext.write(AbstractChannelHandlerContext.java:790)
07.05.2025 - 15:00:44 - 	at io.netty.channel.AbstractChannelHandlerContext.writeAndFlush(AbstractChannelHandlerContext.java:758)
07.05.2025 - 15:00:44 - 	at io.netty.channel.DefaultChannelPipeline.writeAndFlush(DefaultChannelPipeline.java:1020)
07.05.2025 - 15:00:44 - 	at io.netty.channel.AbstractChannel.writeAndFlush(AbstractChannel.java:311)
07.05.2025 - 15:00:44 - 	at com.comphenix.protocol.injector.netty.channel.NettyChannelProxy.writeAndFlush(NettyChannelProxy.java:227)
07.05.2025 - 15:00:44 - 	at com.comphenix.protocol.injector.netty.channel.NettyChannelProxy.writeAndFlush(NettyChannelProxy.java:233)
07.05.2025 - 15:00:44 - 	at net.minecraft.network.NetworkManager.a(NetworkManager.java:227)
07.05.2025 - 15:00:44 - 	at net.minecraft.network.NetworkManager.lambda$7(NetworkManager.java:216)
07.05.2025 - 15:00:44 - 	at com.comphenix.protocol.injector.netty.channel.NettyEventLoopProxy.lambda$proxyRunnable$2(NettyEventLoopProxy.java:49)
07.05.2025 - 15:00:44 - 	at io.netty.util.concurrent.AbstractEventExecutor.safeExecute(AbstractEventExecutor.java:164)
07.05.2025 - 15:00:44 - 	at io.netty.util.concurrent.SingleThreadEventExecutor.runAllTasks(SingleThreadEventExecutor.java:469)
07.05.2025 - 15:00:44 - 	at io.netty.channel.nio.NioEventLoop.run(NioEventLoop.java:500)
07.05.2025 - 15:00:44 - 	at io.netty.util.concurrent.SingleThreadEventExecutor$4.run(SingleThreadEventExecutor.java:986)
07.05.2025 - 15:00:44 - 	at io.netty.util.internal.ThreadExecutorMap$2.run(ThreadExecutorMap.java:74)
07.05.2025 - 15:00:44 - 	at java.base/java.lang.Thread.run(Unknown Source)
07.05.2025 - 15:00:44 - [TAB v4.1.8] An error occurred when reading packets
07.05.2025 - 15:00:44 - java.lang.NullPointerException: players is marked non-null but is null
07.05.2025 - 15:00:44 - 	at me.neznamy.tab.shared.platform.Scoreboard.onTeamPacket(Scoreboard.java:379)
07.05.2025 - 15:00:44 - 	at me.neznamy.tab.platforms.bukkit.scoreboard.packet.TeamPacketData.onPacketSend(TeamPacketData.java:312)
07.05.2025 - 15:00:44 - 	at me.neznamy.tab.platforms.bukkit.scoreboard.packet.PacketScoreboard.onPacketSend(PacketScoreboard.java:204)
07.05.2025 - 15:00:44 - 	at me.neznamy.tab.shared.features.injection.NettyPipelineInjector$TabChannelDuplexHandler.write(NettyPipelineInjector.java:94)
07.05.2025 - 15:00:44 - 	at io.netty.channel.AbstractChannelHandlerContext.invokeWrite0(AbstractChannelHandlerContext.java:717)
07.05.2025 - 15:00:44 - 	at io.netty.channel.AbstractChannelHandlerContext.invokeWrite(AbstractChannelHandlerContext.java:709)
07.05.2025 - 15:00:44 - 	at io.netty.channel.AbstractChannelHandlerContext.write(AbstractChannelHandlerContext.java:792)
07.05.2025 - 15:00:44 - 	at io.netty.channel.AbstractChannelHandlerContext.write(AbstractChannelHandlerContext.java:702)
07.05.2025 - 15:00:44 - 	at io.netty.channel.ChannelDuplexHandler.write(ChannelDuplexHandler.java:115)
07.05.2025 - 15:00:44 - 	at de.codingair.tradesystem.lib.codingapi.player.data.PacketReader$1.write(PacketReader.java:77)
07.05.2025 - 15:00:44 - 	at io.netty.channel.AbstractChannelHandlerContext.invokeWrite0(AbstractChannelHandlerContext.java:717)
07.05.2025 - 15:00:44 - 	at io.netty.channel.AbstractChannelHandlerContext.invokeWrite(AbstractChannelHandlerContext.java:709)
07.05.2025 - 15:00:44 - 	at io.netty.channel.AbstractChannelHandlerContext.write(AbstractChannelHandlerContext.java:792)
07.05.2025 - 15:00:44 - 	at io.netty.channel.AbstractChannelHandlerContext.write(AbstractChannelHandlerContext.java:702)
07.05.2025 - 15:00:44 - 	at io.netty.channel.ChannelDuplexHandler.write(ChannelDuplexHandler.java:115)
07.05.2025 - 15:00:44 - 	at de.codingair.tradesystem.lib.codingapi.player.data.PacketReader$1.write(PacketReader.java:77)
07.05.2025 - 15:00:44 - 	at io.netty.channel.AbstractChannelHandlerContext.invokeWrite0(AbstractChannelHandlerContext.java:717)
07.05.2025 - 15:00:44 - 	at io.netty.channel.AbstractChannelHandlerContext.invokeWriteAndFlush(AbstractChannelHandlerContext.java:764)
07.05.2025 - 15:00:44 - 	at io.netty.channel.AbstractChannelHandlerContext.write(AbstractChannelHandlerContext.java:790)
07.05.2025 - 15:00:44 - 	at io.netty.channel.AbstractChannelHandlerContext.writeAndFlush(AbstractChannelHandlerContext.java:758)
07.05.2025 - 15:00:44 - 	at io.netty.channel.DefaultChannelPipeline.writeAndFlush(DefaultChannelPipeline.java:1020)
07.05.2025 - 15:00:44 - 	at io.netty.channel.AbstractChannel.writeAndFlush(AbstractChannel.java:311)
07.05.2025 - 15:00:44 - 	at com.comphenix.protocol.injector.netty.channel.NettyChannelProxy.writeAndFlush(NettyChannelProxy.java:227)
07.05.2025 - 15:00:44 - 	at com.comphenix.protocol.injector.netty.channel.NettyChannelProxy.writeAndFlush(NettyChannelProxy.java:233)
07.05.2025 - 15:00:44 - 	at net.minecraft.network.NetworkManager.a(NetworkManager.java:227)
07.05.2025 - 15:00:44 - 	at net.minecraft.network.NetworkManager.lambda$7(NetworkManager.java:216)
07.05.2025 - 15:00:44 - 	at com.comphenix.protocol.injector.netty.channel.NettyEventLoopProxy.lambda$proxyRunnable$2(NettyEventLoopProxy.java:49)
07.05.2025 - 15:00:44 - 	at io.netty.util.concurrent.AbstractEventExecutor.safeExecute(AbstractEventExecutor.java:164)
07.05.2025 - 15:00:44 - 	at io.netty.util.concurrent.SingleThreadEventExecutor.runAllTasks(SingleThreadEventExecutor.java:469)
07.05.2025 - 15:00:44 - 	at io.netty.channel.nio.NioEventLoop.run(NioEventLoop.java:500)
07.05.2025 - 15:00:44 - 	at io.netty.util.concurrent.SingleThreadEventExecutor$4.run(SingleThreadEventExecutor.java:986)
07.05.2025 - 15:00:44 - 	at io.netty.util.internal.ThreadExecutorMap$2.run(ThreadExecutorMap.java:74)
07.05.2025 - 15:00:44 - 	at java.base/java.lang.Thread.run(Unknown Source)
07.05.2025 - 15:00:44 - [TAB v4.1.8] An error occurred when reading packets
07.05.2025 - 15:00:44 - java.lang.NullPointerException: players is marked non-null but is null
07.05.2025 - 15:00:44 - 	at me.neznamy.tab.shared.platform.Scoreboard.onTeamPacket(Scoreboard.java:379)
07.05.2025 - 15:00:44 - 	at me.neznamy.tab.platforms.bukkit.scoreboard.packet.TeamPacketData.onPacketSend(TeamPacketData.java:312)
07.05.2025 - 15:00:44 - 	at me.neznamy.tab.platforms.bukkit.scoreboard.packet.PacketScoreboard.onPacketSend(PacketScoreboard.java:204)
07.05.2025 - 15:00:44 - 	at me.neznamy.tab.shared.features.injection.NettyPipelineInjector$TabChannelDuplexHandler.write(NettyPipelineInjector.java:94)
07.05.2025 - 15:00:44 - 	at io.netty.channel.AbstractChannelHandlerContext.invokeWrite0(AbstractChannelHandlerContext.java:717)
07.05.2025 - 15:00:44 - 	at io.netty.channel.AbstractChannelHandlerContext.invokeWrite(AbstractChannelHandlerContext.java:709)
07.05.2025 - 15:00:44 - 	at io.netty.channel.AbstractChannelHandlerContext.write(AbstractChannelHandlerContext.java:792)
07.05.2025 - 15:00:44 - 	at io.netty.channel.AbstractChannelHandlerContext.write(AbstractChannelHandlerContext.java:702)
07.05.2025 - 15:00:44 - 	at io.netty.channel.ChannelDuplexHandler.write(ChannelDuplexHandler.java:115)
07.05.2025 - 15:00:44 - 	at de.codingair.tradesystem.lib.codingapi.player.data.PacketReader$1.write(PacketReader.java:77)
07.05.2025 - 15:00:44 - 	at io.netty.channel.AbstractChannelHandlerContext.invokeWrite0(AbstractChannelHandlerContext.java:717)
07.05.2025 - 15:00:44 - 	at io.netty.channel.AbstractChannelHandlerContext.invokeWrite(AbstractChannelHandlerContext.java:709)
07.05.2025 - 15:00:44 - 	at io.netty.channel.AbstractChannelHandlerContext.write(AbstractChannelHandlerContext.java:792)
07.05.2025 - 15:00:44 - 	at io.netty.channel.AbstractChannelHandlerContext.write(AbstractChannelHandlerContext.java:702)
07.05.2025 - 15:00:44 - 	at io.netty.channel.ChannelDuplexHandler.write(ChannelDuplexHandler.java:115)
07.05.2025 - 15:00:44 - 	at de.codingair.tradesystem.lib.codingapi.player.data.PacketReader$1.write(PacketReader.java:77)
07.05.2025 - 15:00:44 - 	at io.netty.channel.AbstractChannelHandlerContext.invokeWrite0(AbstractChannelHandlerContext.java:717)
07.05.2025 - 15:00:44 - 	at io.netty.channel.AbstractChannelHandlerContext.invokeWriteAndFlush(AbstractChannelHandlerContext.java:764)
07.05.2025 - 15:00:44 - 	at io.netty.channel.AbstractChannelHandlerContext.write(AbstractChannelHandlerContext.java:790)
07.05.2025 - 15:00:44 - 	at io.netty.channel.AbstractChannelHandlerContext.writeAndFlush(AbstractChannelHandlerContext.java:758)
07.05.2025 - 15:00:44 - 	at io.netty.channel.DefaultChannelPipeline.writeAndFlush(DefaultChannelPipeline.java:1020)
07.05.2025 - 15:00:44 - 	at io.netty.channel.AbstractChannel.writeAndFlush(AbstractChannel.java:311)
07.05.2025 - 15:00:44 - 	at com.comphenix.protocol.injector.netty.channel.NettyChannelProxy.writeAndFlush(NettyChannelProxy.java:227)
07.05.2025 - 15:00:44 - 	at com.comphenix.protocol.injector.netty.channel.NettyChannelProxy.writeAndFlush(NettyChannelProxy.java:233)
07.05.2025 - 15:00:44 - 	at net.minecraft.network.NetworkManager.a(NetworkManager.java:227)
07.05.2025 - 15:00:44 - 	at net.minecraft.network.NetworkManager.lambda$7(NetworkManager.java:216)
07.05.2025 - 15:00:44 - 	at com.comphenix.protocol.injector.netty.channel.NettyEventLoopProxy.lambda$proxyRunnable$2(NettyEventLoopProxy.java:49)
07.05.2025 - 15:00:44 - 	at io.netty.util.concurrent.AbstractEventExecutor.safeExecute(AbstractEventExecutor.java:164)
07.05.2025 - 15:00:44 - 	at io.netty.util.concurrent.SingleThreadEventExecutor.runAllTasks(SingleThreadEventExecutor.java:469)
07.05.2025 - 15:00:44 - 	at io.netty.channel.nio.NioEventLoop.run(NioEventLoop.java:500)
07.05.2025 - 15:00:44 - 	at io.netty.util.concurrent.SingleThreadEventExecutor$4.run(SingleThreadEventExecutor.java:986)
07.05.2025 - 15:00:44 - 	at io.netty.util.internal.ThreadExecutorMap$2.run(ThreadExecutorMap.java:74)
07.05.2025 - 15:00:44 - 	at java.base/java.lang.Thread.run(Unknown Source)
07.05.2025 - 15:00:44 - [TAB v4.1.8] An error occurred when reading packets
07.05.2025 - 15:00:44 - java.lang.NullPointerException: players is marked non-null but is null
07.05.2025 - 15:00:44 - 	at me.neznamy.tab.shared.platform.Scoreboard.onTeamPacket(Scoreboard.java:379)
07.05.2025 - 15:00:44 - 	at me.neznamy.tab.platforms.bukkit.scoreboard.packet.TeamPacketData.onPacketSend(TeamPacketData.java:312)
07.05.2025 - 15:00:44 - 	at me.neznamy.tab.platforms.bukkit.scoreboard.packet.PacketScoreboard.onPacketSend(PacketScoreboard.java:204)
07.05.2025 - 15:00:44 - 	at me.neznamy.tab.shared.features.injection.NettyPipelineInjector$TabChannelDuplexHandler.write(NettyPipelineInjector.java:94)
07.05.2025 - 15:00:44 - 	at io.netty.channel.AbstractChannelHandlerContext.invokeWrite0(AbstractChannelHandlerContext.java:717)
07.05.2025 - 15:00:44 - 	at io.netty.channel.AbstractChannelHandlerContext.invokeWrite(AbstractChannelHandlerContext.java:709)
07.05.2025 - 15:00:44 - 	at io.netty.channel.AbstractChannelHandlerContext.write(AbstractChannelHandlerContext.java:792)
07.05.2025 - 15:00:44 - 	at io.netty.channel.AbstractChannelHandlerContext.write(AbstractChannelHandlerContext.java:702)
07.05.2025 - 15:00:44 - 	at io.netty.channel.ChannelDuplexHandler.write(ChannelDuplexHandler.java:115)
07.05.2025 - 15:00:44 - 	at de.codingair.tradesystem.lib.codingapi.player.data.PacketReader$1.write(PacketReader.java:77)
07.05.2025 - 15:00:44 - 	at io.netty.channel.AbstractChannelHandlerContext.invokeWrite0(AbstractChannelHandlerContext.java:717)
07.05.2025 - 15:00:44 - 	at io.netty.channel.AbstractChannelHandlerContext.invokeWrite(AbstractChannelHandlerContext.java:709)
07.05.2025 - 15:00:44 - 	at io.netty.channel.AbstractChannelHandlerContext.write(AbstractChannelHandlerContext.java:792)
07.05.2025 - 15:00:44 - 	at io.netty.channel.AbstractChannelHandlerContext.write(AbstractChannelHandlerContext.java:702)
07.05.2025 - 15:00:44 - 	at io.netty.channel.ChannelDuplexHandler.write(ChannelDuplexHandler.java:115)
07.05.2025 - 15:00:44 - 	at de.codingair.tradesystem.lib.codingapi.player.data.PacketReader$1.write(PacketReader.java:77)
07.05.2025 - 15:00:44 - 	at io.netty.channel.AbstractChannelHandlerContext.invokeWrite0(AbstractChannelHandlerContext.java:717)
07.05.2025 - 15:00:44 - 	at io.netty.channel.AbstractChannelHandlerContext.invokeWriteAndFlush(AbstractChannelHandlerContext.java:764)
07.05.2025 - 15:00:44 - 	at io.netty.channel.AbstractChannelHandlerContext.write(AbstractChannelHandlerContext.java:790)
07.05.2025 - 15:00:44 - 	at io.netty.channel.AbstractChannelHandlerContext.writeAndFlush(AbstractChannelHandlerContext.java:758)
07.05.2025 - 15:00:44 - 	at io.netty.channel.DefaultChannelPipeline.writeAndFlush(DefaultChannelPipeline.java:1020)
07.05.2025 - 15:00:44 - 	at io.netty.channel.AbstractChannel.writeAndFlush(AbstractChannel.java:311)
07.05.2025 - 15:00:44 - 	at com.comphenix.protocol.injector.netty.channel.NettyChannelProxy.writeAndFlush(NettyChannelProxy.java:227)
07.05.2025 - 15:00:44 - 	at com.comphenix.protocol.injector.netty.channel.NettyChannelProxy.writeAndFlush(NettyChannelProxy.java:233)
07.05.2025 - 15:00:44 - 	at net.minecraft.network.NetworkManager.a(NetworkManager.java:227)
07.05.2025 - 15:00:44 - 	at net.minecraft.network.NetworkManager.lambda$7(NetworkManager.java:216)
07.05.2025 - 15:00:44 - 	at com.comphenix.protocol.injector.netty.channel.NettyEventLoopProxy.lambda$proxyRunnable$2(NettyEventLoopProxy.java:49)
07.05.2025 - 15:00:44 - 	at io.netty.util.concurrent.AbstractEventExecutor.safeExecute(AbstractEventExecutor.java:164)
07.05.2025 - 15:00:44 - 	at io.netty.util.concurrent.SingleThreadEventExecutor.runAllTasks(SingleThreadEventExecutor.java:469)
07.05.2025 - 15:00:44 - 	at io.netty.channel.nio.NioEventLoop.run(NioEventLoop.java:500)
07.05.2025 - 15:00:44 - 	at io.netty.util.concurrent.SingleThreadEventExecutor$4.run(SingleThreadEventExecutor.java:986)
07.05.2025 - 15:00:44 - 	at io.netty.util.internal.ThreadExecutorMap$2.run(ThreadExecutorMap.java:74)
07.05.2025 - 15:00:44 - 	at java.base/java.lang.Thread.run(Unknown Source)
07.05.2025 - 15:00:44 - [TAB v4.1.8] An error occurred when reading packets
07.05.2025 - 15:00:44 - java.lang.NullPointerException: players is marked non-null but is null
07.05.2025 - 15:00:44 - 	at me.neznamy.tab.shared.platform.Scoreboard.onTeamPacket(Scoreboard.java:379)
07.05.2025 - 15:00:44 - 	at me.neznamy.tab.platforms.bukkit.scoreboard.packet.TeamPacketData.onPacketSend(TeamPacketData.java:312)
07.05.2025 - 15:00:44 - 	at me.neznamy.tab.platforms.bukkit.scoreboard.packet.PacketScoreboard.onPacketSend(PacketScoreboard.java:204)
07.05.2025 - 15:00:44 - 	at me.neznamy.tab.shared.features.injection.NettyPipelineInjector$TabChannelDuplexHandler.write(NettyPipelineInjector.java:94)
07.05.2025 - 15:00:44 - 	at io.netty.channel.AbstractChannelHandlerContext.invokeWrite0(AbstractChannelHandlerContext.java:717)
07.05.2025 - 15:00:44 - 	at io.netty.channel.AbstractChannelHandlerContext.invokeWrite(AbstractChannelHandlerContext.java:709)
07.05.2025 - 15:00:44 - 	at io.netty.channel.AbstractChannelHandlerContext.write(AbstractChannelHandlerContext.java:792)
07.05.2025 - 15:00:44 - 	at io.netty.channel.AbstractChannelHandlerContext.write(AbstractChannelHandlerContext.java:702)
07.05.2025 - 15:00:44 - 	at io.netty.channel.ChannelDuplexHandler.write(ChannelDuplexHandler.java:115)
07.05.2025 - 15:00:44 - 	at de.codingair.tradesystem.lib.codingapi.player.data.PacketReader$1.write(PacketReader.java:77)
07.05.2025 - 15:00:44 - 	at io.netty.channel.AbstractChannelHandlerContext.invokeWrite0(AbstractChannelHandlerContext.java:717)
07.05.2025 - 15:00:44 - 	at io.netty.channel.AbstractChannelHandlerContext.invokeWrite(AbstractChannelHandlerContext.java:709)
07.05.2025 - 15:00:44 - 	at io.netty.channel.AbstractChannelHandlerContext.write(AbstractChannelHandlerContext.java:792)
07.05.2025 - 15:00:44 - 	at io.netty.channel.AbstractChannelHandlerContext.write(AbstractChannelHandlerContext.java:702)
07.05.2025 - 15:00:44 - 	at io.netty.channel.ChannelDuplexHandler.write(ChannelDuplexHandler.java:115)
07.05.2025 - 15:00:44 - 	at de.codingair.tradesystem.lib.codingapi.player.data.PacketReader$1.write(PacketReader.java:77)
07.05.2025 - 15:00:44 - 	at io.netty.channel.AbstractChannelHandlerContext.invokeWrite0(AbstractChannelHandlerContext.java:717)
07.05.2025 - 15:00:44 - 	at io.netty.channel.AbstractChannelHandlerContext.invokeWriteAndFlush(AbstractChannelHandlerContext.java:764)
07.05.2025 - 15:00:44 - 	at io.netty.channel.AbstractChannelHandlerContext.write(AbstractChannelHandlerContext.java:790)
07.05.2025 - 15:00:44 - 	at io.netty.channel.AbstractChannelHandlerContext.writeAndFlush(AbstractChannelHandlerContext.java:758)
07.05.2025 - 15:00:44 - 	at io.netty.channel.DefaultChannelPipeline.writeAndFlush(DefaultChannelPipeline.java:1020)
07.05.2025 - 15:00:44 - 	at io.netty.channel.AbstractChannel.writeAndFlush(AbstractChannel.java:311)
07.05.2025 - 15:00:44 - 	at com.comphenix.protocol.injector.netty.channel.NettyChannelProxy.writeAndFlush(NettyChannelProxy.java:227)
07.05.2025 - 15:00:44 - 	at com.comphenix.protocol.injector.netty.channel.NettyChannelProxy.writeAndFlush(NettyChannelProxy.java:233)
07.05.2025 - 15:00:44 - 	at net.minecraft.network.NetworkManager.a(NetworkManager.java:227)
07.05.2025 - 15:00:44 - 	at net.minecraft.network.NetworkManager.lambda$7(NetworkManager.java:216)
07.05.2025 - 15:00:44 - 	at com.comphenix.protocol.injector.netty.channel.NettyEventLoopProxy.lambda$proxyRunnable$2(NettyEventLoopProxy.java:49)
07.05.2025 - 15:00:44 - 	at io.netty.util.concurrent.AbstractEventExecutor.safeExecute(AbstractEventExecutor.java:164)
07.05.2025 - 15:00:44 - 	at io.netty.util.concurrent.SingleThreadEventExecutor.runAllTasks(SingleThreadEventExecutor.java:469)
07.05.2025 - 15:00:44 - 	at io.netty.channel.nio.NioEventLoop.run(NioEventLoop.java:500)
07.05.2025 - 15:00:44 - 	at io.netty.util.concurrent.SingleThreadEventExecutor$4.run(SingleThreadEventExecutor.java:986)
07.05.2025 - 15:00:44 - 	at io.netty.util.internal.ThreadExecutorMap$2.run(ThreadExecutorMap.java:74)
07.05.2025 - 15:00:44 - 	at java.base/java.lang.Thread.run(Unknown Source)
07.05.2025 - 15:00:44 - [TAB v4.1.8] An error occurred when reading packets
07.05.2025 - 15:00:44 - java.lang.NullPointerException: players is marked non-null but is null
07.05.2025 - 15:00:44 - 	at me.neznamy.tab.shared.platform.Scoreboard.onTeamPacket(Scoreboard.java:379)
07.05.2025 - 15:00:44 - 	at me.neznamy.tab.platforms.bukkit.scoreboard.packet.TeamPacketData.onPacketSend(TeamPacketData.java:312)
07.05.2025 - 15:00:44 - 	at me.neznamy.tab.platforms.bukkit.scoreboard.packet.PacketScoreboard.onPacketSend(PacketScoreboard.java:204)
07.05.2025 - 15:00:44 - 	at me.neznamy.tab.shared.features.injection.NettyPipelineInjector$TabChannelDuplexHandler.write(NettyPipelineInjector.java:94)
07.05.2025 - 15:00:44 - 	at io.netty.channel.AbstractChannelHandlerContext.invokeWrite0(AbstractChannelHandlerContext.java:717)
07.05.2025 - 15:00:44 - 	at io.netty.channel.AbstractChannelHandlerContext.invokeWrite(AbstractChannelHandlerContext.java:709)
07.05.2025 - 15:00:44 - 	at io.netty.channel.AbstractChannelHandlerContext.write(AbstractChannelHandlerContext.java:792)
07.05.2025 - 15:00:44 - 	at io.netty.channel.AbstractChannelHandlerContext.write(AbstractChannelHandlerContext.java:702)
07.05.2025 - 15:00:44 - 	at io.netty.channel.ChannelDuplexHandler.write(ChannelDuplexHandler.java:115)
07.05.2025 - 15:00:44 - 	at de.codingair.tradesystem.lib.codingapi.player.data.PacketReader$1.write(PacketReader.java:77)
07.05.2025 - 15:00:44 - 	at io.netty.channel.AbstractChannelHandlerContext.invokeWrite0(AbstractChannelHandlerContext.java:717)
07.05.2025 - 15:00:44 - 	at io.netty.channel.AbstractChannelHandlerContext.invokeWrite(AbstractChannelHandlerContext.java:709)
07.05.2025 - 15:00:44 - 	at io.netty.channel.AbstractChannelHandlerContext.write(AbstractChannelHandlerContext.java:792)
07.05.2025 - 15:00:44 - 	at io.netty.channel.AbstractChannelHandlerContext.write(AbstractChannelHandlerContext.java:702)
07.05.2025 - 15:00:44 - 	at io.netty.channel.ChannelDuplexHandler.write(ChannelDuplexHandler.java:115)
07.05.2025 - 15:00:44 - 	at de.codingair.tradesystem.lib.codingapi.player.data.PacketReader$1.write(PacketReader.java:77)
07.05.2025 - 15:00:44 - 	at io.netty.channel.AbstractChannelHandlerContext.invokeWrite0(AbstractChannelHandlerContext.java:717)
07.05.2025 - 15:00:44 - 	at io.netty.channel.AbstractChannelHandlerContext.invokeWriteAndFlush(AbstractChannelHandlerContext.java:764)
07.05.2025 - 15:00:44 - 	at io.netty.channel.AbstractChannelHandlerContext.write(AbstractChannelHandlerContext.java:790)
07.05.2025 - 15:00:44 - 	at io.netty.channel.AbstractChannelHandlerContext.writeAndFlush(AbstractChannelHandlerContext.java:758)
07.05.2025 - 15:00:44 - 	at io.netty.channel.DefaultChannelPipeline.writeAndFlush(DefaultChannelPipeline.java:1020)
07.05.2025 - 15:00:44 - 	at io.netty.channel.AbstractChannel.writeAndFlush(AbstractChannel.java:311)
07.05.2025 - 15:00:44 - 	at com.comphenix.protocol.injector.netty.channel.NettyChannelProxy.writeAndFlush(NettyChannelProxy.java:227)
07.05.2025 - 15:00:44 - 	at com.comphenix.protocol.injector.netty.channel.NettyChannelProxy.writeAndFlush(NettyChannelProxy.java:233)
07.05.2025 - 15:00:44 - 	at net.minecraft.network.NetworkManager.a(NetworkManager.java:227)
07.05.2025 - 15:00:44 - 	at net.minecraft.network.NetworkManager.lambda$7(NetworkManager.java:216)
07.05.2025 - 15:00:44 - 	at com.comphenix.protocol.injector.netty.channel.NettyEventLoopProxy.lambda$proxyRunnable$2(NettyEventLoopProxy.java:49)
07.05.2025 - 15:00:44 - 	at io.netty.util.concurrent.AbstractEventExecutor.safeExecute(AbstractEventExecutor.java:164)
07.05.2025 - 15:00:44 - 	at io.netty.util.concurrent.SingleThreadEventExecutor.runAllTasks(SingleThreadEventExecutor.java:469)
07.05.2025 - 15:00:44 - 	at io.netty.channel.nio.NioEventLoop.run(NioEventLoop.java:500)
07.05.2025 - 15:00:44 - 	at io.netty.util.concurrent.SingleThreadEventExecutor$4.run(SingleThreadEventExecutor.java:986)
07.05.2025 - 15:00:44 - 	at io.netty.util.internal.ThreadExecutorMap$2.run(ThreadExecutorMap.java:74)
07.05.2025 - 15:00:44 - 	at java.base/java.lang.Thread.run(Unknown Source)
07.05.2025 - 15:00:48 - [TAB v4.1.8] An error occurred when reading packets
07.05.2025 - 15:00:48 - java.lang.NullPointerException: players is marked non-null but is null
07.05.2025 - 15:00:48 - 	at me.neznamy.tab.shared.platform.Scoreboard.onTeamPacket(Scoreboard.java:379)
07.05.2025 - 15:00:48 - 	at me.neznamy.tab.platforms.bukkit.scoreboard.packet.TeamPacketData.onPacketSend(TeamPacketData.java:312)
07.05.2025 - 15:00:48 - 	at me.neznamy.tab.platforms.bukkit.scoreboard.packet.PacketScoreboard.onPacketSend(PacketScoreboard.java:204)
07.05.2025 - 15:00:48 - 	at me.neznamy.tab.shared.features.injection.NettyPipelineInjector$TabChannelDuplexHandler.write(NettyPipelineInjector.java:94)
07.05.2025 - 15:00:48 - 	at io.netty.channel.AbstractChannelHandlerContext.invokeWrite0(AbstractChannelHandlerContext.java:717)
07.05.2025 - 15:00:48 - 	at io.netty.channel.AbstractChannelHandlerContext.invokeWrite(AbstractChannelHandlerContext.java:709)
07.05.2025 - 15:00:48 - 	at io.netty.channel.AbstractChannelHandlerContext.write(AbstractChannelHandlerContext.java:792)
07.05.2025 - 15:00:48 - 	at io.netty.channel.AbstractChannelHandlerContext.write(AbstractChannelHandlerContext.java:702)
07.05.2025 - 15:00:48 - 	at io.netty.channel.ChannelDuplexHandler.write(ChannelDuplexHandler.java:115)
07.05.2025 - 15:00:48 - 	at de.codingair.tradesystem.lib.codingapi.player.data.PacketReader$1.write(PacketReader.java:77)
07.05.2025 - 15:00:48 - 	at io.netty.channel.AbstractChannelHandlerContext.invokeWrite0(AbstractChannelHandlerContext.java:717)
07.05.2025 - 15:00:48 - 	at io.netty.channel.AbstractChannelHandlerContext.invokeWrite(AbstractChannelHandlerContext.java:709)
07.05.2025 - 15:00:48 - 	at io.netty.channel.AbstractChannelHandlerContext.write(AbstractChannelHandlerContext.java:792)
07.05.2025 - 15:00:48 - 	at io.netty.channel.AbstractChannelHandlerContext.write(AbstractChannelHandlerContext.java:702)
07.05.2025 - 15:00:48 - 	at io.netty.channel.ChannelDuplexHandler.write(ChannelDuplexHandler.java:115)
07.05.2025 - 15:00:48 - 	at de.codingair.tradesystem.lib.codingapi.player.data.PacketReader$1.write(PacketReader.java:77)
07.05.2025 - 15:00:48 - 	at io.netty.channel.AbstractChannelHandlerContext.invokeWrite0(AbstractChannelHandlerContext.java:717)
07.05.2025 - 15:00:48 - 	at io.netty.channel.AbstractChannelHandlerContext.invokeWriteAndFlush(AbstractChannelHandlerContext.java:764)
07.05.2025 - 15:00:48 - 	at io.netty.channel.AbstractChannelHandlerContext.write(AbstractChannelHandlerContext.java:790)
07.05.2025 - 15:00:48 - 	at io.netty.channel.AbstractChannelHandlerContext.writeAndFlush(AbstractChannelHandlerContext.java:758)
07.05.2025 - 15:00:48 - 	at io.netty.channel.DefaultChannelPipeline.writeAndFlush(DefaultChannelPipeline.java:1020)
07.05.2025 - 15:00:48 - 	at io.netty.channel.AbstractChannel.writeAndFlush(AbstractChannel.java:311)
07.05.2025 - 15:00:48 - 	at com.comphenix.protocol.injector.netty.channel.NettyChannelProxy.writeAndFlush(NettyChannelProxy.java:227)
07.05.2025 - 15:00:48 - 	at com.comphenix.protocol.injector.netty.channel.NettyChannelProxy.writeAndFlush(NettyChannelProxy.java:233)
07.05.2025 - 15:00:48 - 	at net.minecraft.network.NetworkManager.a(NetworkManager.java:227)
07.05.2025 - 15:00:48 - 	at net.minecraft.network.NetworkManager.lambda$7(NetworkManager.java:216)
07.05.2025 - 15:00:48 - 	at com.comphenix.protocol.injector.netty.channel.NettyEventLoopProxy.lambda$proxyRunnable$2(NettyEventLoopProxy.java:49)
07.05.2025 - 15:00:48 - 	at io.netty.util.concurrent.AbstractEventExecutor.safeExecute(AbstractEventExecutor.java:164)
07.05.2025 - 15:00:48 - 	at io.netty.util.concurrent.SingleThreadEventExecutor.runAllTasks(SingleThreadEventExecutor.java:469)
07.05.2025 - 15:00:48 - 	at io.netty.channel.nio.NioEventLoop.run(NioEventLoop.java:500)
07.05.2025 - 15:00:48 - 	at io.netty.util.concurrent.SingleThreadEventExecutor$4.run(SingleThreadEventExecutor.java:986)
07.05.2025 - 15:00:48 - 	at io.netty.util.internal.ThreadExecutorMap$2.run(ThreadExecutorMap.java:74)
07.05.2025 - 15:00:48 - 	at java.base/java.lang.Thread.run(Unknown Source)
07.05.2025 - 15:00:48 - [TAB v4.1.8] An error occurred when reading packets
07.05.2025 - 15:00:48 - java.lang.NullPointerException: players is marked non-null but is null
07.05.2025 - 15:00:48 - 	at me.neznamy.tab.shared.platform.Scoreboard.onTeamPacket(Scoreboard.java:379)
07.05.2025 - 15:00:48 - 	at me.neznamy.tab.platforms.bukkit.scoreboard.packet.TeamPacketData.onPacketSend(TeamPacketData.java:312)
07.05.2025 - 15:00:48 - 	at me.neznamy.tab.platforms.bukkit.scoreboard.packet.PacketScoreboard.onPacketSend(PacketScoreboard.java:204)
07.05.2025 - 15:00:48 - 	at me.neznamy.tab.shared.features.injection.NettyPipelineInjector$TabChannelDuplexHandler.write(NettyPipelineInjector.java:94)
07.05.2025 - 15:00:48 - 	at io.netty.channel.AbstractChannelHandlerContext.invokeWrite0(AbstractChannelHandlerContext.java:717)
07.05.2025 - 15:00:48 - 	at io.netty.channel.AbstractChannelHandlerContext.invokeWrite(AbstractChannelHandlerContext.java:709)
07.05.2025 - 15:00:48 - 	at io.netty.channel.AbstractChannelHandlerContext.write(AbstractChannelHandlerContext.java:792)
07.05.2025 - 15:00:48 - 	at io.netty.channel.AbstractChannelHandlerContext.write(AbstractChannelHandlerContext.java:702)
07.05.2025 - 15:00:48 - 	at io.netty.channel.ChannelDuplexHandler.write(ChannelDuplexHandler.java:115)
07.05.2025 - 15:00:48 - 	at de.codingair.tradesystem.lib.codingapi.player.data.PacketReader$1.write(PacketReader.java:77)
07.05.2025 - 15:00:48 - 	at io.netty.channel.AbstractChannelHandlerContext.invokeWrite0(AbstractChannelHandlerContext.java:717)
07.05.2025 - 15:00:48 - 	at io.netty.channel.AbstractChannelHandlerContext.invokeWrite(AbstractChannelHandlerContext.java:709)
07.05.2025 - 15:00:48 - 	at io.netty.channel.AbstractChannelHandlerContext.write(AbstractChannelHandlerContext.java:792)
07.05.2025 - 15:00:48 - 	at io.netty.channel.AbstractChannelHandlerContext.write(AbstractChannelHandlerContext.java:702)
07.05.2025 - 15:00:48 - 	at io.netty.channel.ChannelDuplexHandler.write(ChannelDuplexHandler.java:115)
07.05.2025 - 15:00:48 - 	at de.codingair.tradesystem.lib.codingapi.player.data.PacketReader$1.write(PacketReader.java:77)
07.05.2025 - 15:00:48 - 	at io.netty.channel.AbstractChannelHandlerContext.invokeWrite0(AbstractChannelHandlerContext.java:717)
07.05.2025 - 15:00:48 - 	at io.netty.channel.AbstractChannelHandlerContext.invokeWriteAndFlush(AbstractChannelHandlerContext.java:764)
07.05.2025 - 15:00:48 - 	at io.netty.channel.AbstractChannelHandlerContext.write(AbstractChannelHandlerContext.java:790)
07.05.2025 - 15:00:48 - 	at io.netty.channel.AbstractChannelHandlerContext.writeAndFlush(AbstractChannelHandlerContext.java:758)
07.05.2025 - 15:00:48 - 	at io.netty.channel.DefaultChannelPipeline.writeAndFlush(DefaultChannelPipeline.java:1020)
07.05.2025 - 15:00:48 - 	at io.netty.channel.AbstractChannel.writeAndFlush(AbstractChannel.java:311)
07.05.2025 - 15:00:48 - 	at com.comphenix.protocol.injector.netty.channel.NettyChannelProxy.writeAndFlush(NettyChannelProxy.java:227)
07.05.2025 - 15:00:48 - 	at com.comphenix.protocol.injector.netty.channel.NettyChannelProxy.writeAndFlush(NettyChannelProxy.java:233)
07.05.2025 - 15:00:48 - 	at net.minecraft.network.NetworkManager.a(NetworkManager.java:227)
07.05.2025 - 15:00:48 - 	at net.minecraft.network.NetworkManager.lambda$7(NetworkManager.java:216)
07.05.2025 - 15:00:48 - 	at com.comphenix.protocol.injector.netty.channel.NettyEventLoopProxy.lambda$proxyRunnable$2(NettyEventLoopProxy.java:49)
07.05.2025 - 15:00:48 - 	at io.netty.util.concurrent.AbstractEventExecutor.safeExecute(AbstractEventExecutor.java:164)
07.05.2025 - 15:00:48 - 	at io.netty.util.concurrent.SingleThreadEventExecutor.runAllTasks(SingleThreadEventExecutor.java:469)
07.05.2025 - 15:00:48 - 	at io.netty.channel.nio.NioEventLoop.run(NioEventLoop.java:500)
07.05.2025 - 15:00:48 - 	at io.netty.util.concurrent.SingleThreadEventExecutor$4.run(SingleThreadEventExecutor.java:986)
07.05.2025 - 15:00:48 - 	at io.netty.util.internal.ThreadExecutorMap$2.run(ThreadExecutorMap.java:74)
07.05.2025 - 15:00:48 - 	at java.base/java.lang.Thread.run(Unknown Source)
07.05.2025 - 15:00:48 - [TAB v4.1.8] An error occurred when reading packets
07.05.2025 - 15:00:48 - java.lang.NullPointerException: players is marked non-null but is null
07.05.2025 - 15:00:48 - 	at me.neznamy.tab.shared.platform.Scoreboard.onTeamPacket(Scoreboard.java:379)
07.05.2025 - 15:00:48 - 	at me.neznamy.tab.platforms.bukkit.scoreboard.packet.TeamPacketData.onPacketSend(TeamPacketData.java:312)
07.05.2025 - 15:00:48 - 	at me.neznamy.tab.platforms.bukkit.scoreboard.packet.PacketScoreboard.onPacketSend(PacketScoreboard.java:204)
07.05.2025 - 15:00:48 - 	at me.neznamy.tab.shared.features.injection.NettyPipelineInjector$TabChannelDuplexHandler.write(NettyPipelineInjector.java:94)
07.05.2025 - 15:00:48 - 	at io.netty.channel.AbstractChannelHandlerContext.invokeWrite0(AbstractChannelHandlerContext.java:717)
07.05.2025 - 15:00:48 - 	at io.netty.channel.AbstractChannelHandlerContext.invokeWrite(AbstractChannelHandlerContext.java:709)
07.05.2025 - 15:00:48 - 	at io.netty.channel.AbstractChannelHandlerContext.write(AbstractChannelHandlerContext.java:792)
07.05.2025 - 15:00:48 - 	at io.netty.channel.AbstractChannelHandlerContext.write(AbstractChannelHandlerContext.java:702)
07.05.2025 - 15:00:48 - 	at io.netty.channel.ChannelDuplexHandler.write(ChannelDuplexHandler.java:115)
07.05.2025 - 15:00:48 - 	at de.codingair.tradesystem.lib.codingapi.player.data.PacketReader$1.write(PacketReader.java:77)
07.05.2025 - 15:00:48 - 	at io.netty.channel.AbstractChannelHandlerContext.invokeWrite0(AbstractChannelHandlerContext.java:717)
07.05.2025 - 15:00:48 - 	at io.netty.channel.AbstractChannelHandlerContext.invokeWrite(AbstractChannelHandlerContext.java:709)
07.05.2025 - 15:00:48 - 	at io.netty.channel.AbstractChannelHandlerContext.write(AbstractChannelHandlerContext.java:792)
07.05.2025 - 15:00:48 - 	at io.netty.channel.AbstractChannelHandlerContext.write(AbstractChannelHandlerContext.java:702)
07.05.2025 - 15:00:48 - 	at io.netty.channel.ChannelDuplexHandler.write(ChannelDuplexHandler.java:115)
07.05.2025 - 15:00:48 - 	at de.codingair.tradesystem.lib.codingapi.player.data.PacketReader$1.write(PacketReader.java:77)
07.05.2025 - 15:00:48 - 	at io.netty.channel.AbstractChannelHandlerContext.invokeWrite0(AbstractChannelHandlerContext.java:717)
07.05.2025 - 15:00:48 - 	at io.netty.channel.AbstractChannelHandlerContext.invokeWriteAndFlush(AbstractChannelHandlerContext.java:764)
07.05.2025 - 15:00:48 - 	at io.netty.channel.AbstractChannelHandlerContext.write(AbstractChannelHandlerContext.java:790)
07.05.2025 - 15:00:48 - 	at io.netty.channel.AbstractChannelHandlerContext.writeAndFlush(AbstractChannelHandlerContext.java:758)
07.05.2025 - 15:00:48 - 	at io.netty.channel.DefaultChannelPipeline.writeAndFlush(DefaultChannelPipeline.java:1020)
07.05.2025 - 15:00:48 - 	at io.netty.channel.AbstractChannel.writeAndFlush(AbstractChannel.java:311)
07.05.2025 - 15:00:48 - 	at com.comphenix.protocol.injector.netty.channel.NettyChannelProxy.writeAndFlush(NettyChannelProxy.java:227)
07.05.2025 - 15:00:48 - 	at com.comphenix.protocol.injector.netty.channel.NettyChannelProxy.writeAndFlush(NettyChannelProxy.java:233)
07.05.2025 - 15:00:48 - 	at net.minecraft.network.NetworkManager.a(NetworkManager.java:227)
07.05.2025 - 15:00:48 - 	at net.minecraft.network.NetworkManager.lambda$7(NetworkManager.java:216)
07.05.2025 - 15:00:48 - 	at com.comphenix.protocol.injector.netty.channel.NettyEventLoopProxy.lambda$proxyRunnable$2(NettyEventLoopProxy.java:49)
07.05.2025 - 15:00:48 - 	at io.netty.util.concurrent.AbstractEventExecutor.safeExecute(AbstractEventExecutor.java:164)
07.05.2025 - 15:00:48 - 	at io.netty.util.concurrent.SingleThreadEventExecutor.runAllTasks(SingleThreadEventExecutor.java:469)
07.05.2025 - 15:00:48 - 	at io.netty.channel.nio.NioEventLoop.run(NioEventLoop.java:500)
07.05.2025 - 15:00:48 - 	at io.netty.util.concurrent.SingleThreadEventExecutor$4.run(SingleThreadEventExecutor.java:986)
07.05.2025 - 15:00:48 - 	at io.netty.util.internal.ThreadExecutorMap$2.run(ThreadExecutorMap.java:74)
07.05.2025 - 15:00:48 - 	at java.base/java.lang.Thread.run(Unknown Source)
07.05.2025 - 15:00:48 - [TAB v4.1.8] An error occurred when reading packets
07.05.2025 - 15:00:48 - java.lang.NullPointerException: players is marked non-null but is null
07.05.2025 - 15:00:48 - 	at me.neznamy.tab.shared.platform.Scoreboard.onTeamPacket(Scoreboard.java:379)
07.05.2025 - 15:00:48 - 	at me.neznamy.tab.platforms.bukkit.scoreboard.packet.TeamPacketData.onPacketSend(TeamPacketData.java:312)
07.05.2025 - 15:00:48 - 	at me.neznamy.tab.platforms.bukkit.scoreboard.packet.PacketScoreboard.onPacketSend(PacketScoreboard.java:204)
07.05.2025 - 15:00:48 - 	at me.neznamy.tab.shared.features.injection.NettyPipelineInjector$TabChannelDuplexHandler.write(NettyPipelineInjector.java:94)
07.05.2025 - 15:00:48 - 	at io.netty.channel.AbstractChannelHandlerContext.invokeWrite0(AbstractChannelHandlerContext.java:717)
07.05.2025 - 15:00:48 - 	at io.netty.channel.AbstractChannelHandlerContext.invokeWrite(AbstractChannelHandlerContext.java:709)
07.05.2025 - 15:00:48 - 	at io.netty.channel.AbstractChannelHandlerContext.write(AbstractChannelHandlerContext.java:792)
07.05.2025 - 15:00:48 - 	at io.netty.channel.AbstractChannelHandlerContext.write(AbstractChannelHandlerContext.java:702)
07.05.2025 - 15:00:48 - 	at io.netty.channel.ChannelDuplexHandler.write(ChannelDuplexHandler.java:115)
07.05.2025 - 15:00:48 - 	at de.codingair.tradesystem.lib.codingapi.player.data.PacketReader$1.write(PacketReader.java:77)
07.05.2025 - 15:00:48 - 	at io.netty.channel.AbstractChannelHandlerContext.invokeWrite0(AbstractChannelHandlerContext.java:717)
07.05.2025 - 15:00:48 - 	at io.netty.channel.AbstractChannelHandlerContext.invokeWrite(AbstractChannelHandlerContext.java:709)
07.05.2025 - 15:00:48 - 	at io.netty.channel.AbstractChannelHandlerContext.write(AbstractChannelHandlerContext.java:792)
07.05.2025 - 15:00:48 - 	at io.netty.channel.AbstractChannelHandlerContext.write(AbstractChannelHandlerContext.java:702)
07.05.2025 - 15:00:48 - 	at io.netty.channel.ChannelDuplexHandler.write(ChannelDuplexHandler.java:115)
07.05.2025 - 15:00:48 - 	at de.codingair.tradesystem.lib.codingapi.player.data.PacketReader$1.write(PacketReader.java:77)
07.05.2025 - 15:00:48 - 	at io.netty.channel.AbstractChannelHandlerContext.invokeWrite0(AbstractChannelHandlerContext.java:717)
07.05.2025 - 15:00:48 - 	at io.netty.channel.AbstractChannelHandlerContext.invokeWriteAndFlush(AbstractChannelHandlerContext.java:764)
07.05.2025 - 15:00:48 - 	at io.netty.channel.AbstractChannelHandlerContext.write(AbstractChannelHandlerContext.java:790)
07.05.2025 - 15:00:48 - 	at io.netty.channel.AbstractChannelHandlerContext.writeAndFlush(AbstractChannelHandlerContext.java:758)
07.05.2025 - 15:00:48 - 	at io.netty.channel.DefaultChannelPipeline.writeAndFlush(DefaultChannelPipeline.java:1020)
07.05.2025 - 15:00:48 - 	at io.netty.channel.AbstractChannel.writeAndFlush(AbstractChannel.java:311)
07.05.2025 - 15:00:48 - 	at com.comphenix.protocol.injector.netty.channel.NettyChannelProxy.writeAndFlush(NettyChannelProxy.java:227)
07.05.2025 - 15:00:48 - 	at com.comphenix.protocol.injector.netty.channel.NettyChannelProxy.writeAndFlush(NettyChannelProxy.java:233)
07.05.2025 - 15:00:48 - 	at net.minecraft.network.NetworkManager.a(NetworkManager.java:227)
07.05.2025 - 15:00:48 - 	at net.minecraft.network.NetworkManager.lambda$7(NetworkManager.java:216)
07.05.2025 - 15:00:48 - 	at com.comphenix.protocol.injector.netty.channel.NettyEventLoopProxy.lambda$proxyRunnable$2(NettyEventLoopProxy.java:49)
07.05.2025 - 15:00:48 - 	at io.netty.util.concurrent.AbstractEventExecutor.safeExecute(AbstractEventExecutor.java:164)
07.05.2025 - 15:00:48 - 	at io.netty.util.concurrent.SingleThreadEventExecutor.runAllTasks(SingleThreadEventExecutor.java:469)
07.05.2025 - 15:00:48 - 	at io.netty.channel.nio.NioEventLoop.run(NioEventLoop.java:500)
07.05.2025 - 15:00:48 - 	at io.netty.util.concurrent.SingleThreadEventExecutor$4.run(SingleThreadEventExecutor.java:986)
07.05.2025 - 15:00:48 - 	at io.netty.util.internal.ThreadExecutorMap$2.run(ThreadExecutorMap.java:74)
07.05.2025 - 15:00:48 - 	at java.base/java.lang.Thread.run(Unknown Source)
