26.10.2025 - 20:12:59 - [TAB v5.2.1] Player placeholder %getsklep_points% generated an error when setting for player M4Vs
26.10.2025 - 20:12:59 - java.lang.NullPointerException: Cannot invoke "dev.gether.getsklep.manager.ShopManager.getPlayerPoints(org.bukkit.entity.Player)" because the return value of "dev.gether.getsklep.GetSklep.getShopManager()" is null
26.10.2025 - 20:12:59 - 	at getSklep-1.0.6.jar//dev.gether.getsklep.placeholder.TimePointsHolder.onRequest(TimePointsHolder.java:39)
26.10.2025 - 20:12:59 - 	at PlaceholderAPI-2.11.6.jar//me.clip.placeholderapi.replacer.CharsReplacer.apply(CharsReplacer.java:119)
26.10.2025 - 20:12:59 - 	at PlaceholderAPI-2.11.6.jar//me.clip.placeholderapi.PlaceholderAPI.setPlaceholders(PlaceholderAPI.java:71)
26.10.2025 - 20:12:59 - 	at PlaceholderAPI-2.11.6.jar//me.clip.placeholderapi.PlaceholderAPI.setPlaceholders(PlaceholderAPI.java:99)
26.10.2025 - 20:12:59 - 	at TAB v5.2.1.jar//me.neznamy.tab.platforms.bukkit.platform.BukkitPlatform.lambda$registerUnknownPlaceholder$7(BukkitPlatform.java:232)
26.10.2025 - 20:12:59 - 	at TAB v5.2.1.jar//me.neznamy.tab.shared.placeholders.types.PlayerPlaceholderImpl.request(PlayerPlaceholderImpl.java:153)
26.10.2025 - 20:12:59 - 	at TAB v5.2.1.jar//me.neznamy.tab.shared.placeholders.PlaceholderRefreshTask.run(PlaceholderRefreshTask.java:59)
26.10.2025 - 20:12:59 - 	at TAB v5.2.1.jar//me.neznamy.tab.shared.features.PlaceholderManagerImpl.lambda$refresh$1(PlaceholderManagerImpl.java:91)
26.10.2025 - 20:12:59 - 	at TAB v5.2.1.jar//me.neznamy.tab.shared.cpu.TimedCaughtTask.run(TimedCaughtTask.java:28)
26.10.2025 - 20:12:59 - 	at java.base/java.util.concurrent.Executors$RunnableAdapter.call(Executors.java:545)
26.10.2025 - 20:12:59 - 	at java.base/java.util.concurrent.FutureTask.run(FutureTask.java:328)
26.10.2025 - 20:12:59 - 	at java.base/java.util.concurrent.ScheduledThreadPoolExecutor$ScheduledFutureTask.run(ScheduledThreadPoolExecutor.java:309)
26.10.2025 - 20:12:59 - 	at java.base/java.util.concurrent.ThreadPoolExecutor.runWorker(ThreadPoolExecutor.java:1095)
26.10.2025 - 20:12:59 - 	at java.base/java.util.concurrent.ThreadPoolExecutor$Worker.run(ThreadPoolExecutor.java:619)
26.10.2025 - 20:12:59 - 	at java.base/java.lang.Thread.run(Thread.java:1447)
26.10.2025 - 20:12:59 - [TAB v5.2.1] Player placeholder %getsklep_points% generated an error when setting for player wood_S6WO___
26.10.2025 - 20:12:59 - java.lang.NullPointerException: Cannot invoke "dev.gether.getsklep.manager.ShopManager.getPlayerPoints(org.bukkit.entity.Player)" because the return value of "dev.gether.getsklep.GetSklep.getShopManager()" is null
26.10.2025 - 20:12:59 - 	at getSklep-1.0.6.jar//dev.gether.getsklep.placeholder.TimePointsHolder.onRequest(TimePointsHolder.java:39)
26.10.2025 - 20:12:59 - 	at PlaceholderAPI-2.11.6.jar//me.clip.placeholderapi.replacer.CharsReplacer.apply(CharsReplacer.java:119)
26.10.2025 - 20:12:59 - 	at PlaceholderAPI-2.11.6.jar//me.clip.placeholderapi.PlaceholderAPI.setPlaceholders(PlaceholderAPI.java:71)
26.10.2025 - 20:12:59 - 	at PlaceholderAPI-2.11.6.jar//me.clip.placeholderapi.PlaceholderAPI.setPlaceholders(PlaceholderAPI.java:99)
26.10.2025 - 20:12:59 - 	at TAB v5.2.1.jar//me.neznamy.tab.platforms.bukkit.platform.BukkitPlatform.lambda$registerUnknownPlaceholder$7(BukkitPlatform.java:232)
26.10.2025 - 20:12:59 - 	at TAB v5.2.1.jar//me.neznamy.tab.shared.placeholders.types.PlayerPlaceholderImpl.request(PlayerPlaceholderImpl.java:153)
26.10.2025 - 20:12:59 - 	at TAB v5.2.1.jar//me.neznamy.tab.shared.placeholders.PlaceholderRefreshTask.run(PlaceholderRefreshTask.java:59)
26.10.2025 - 20:12:59 - 	at TAB v5.2.1.jar//me.neznamy.tab.shared.features.PlaceholderManagerImpl.lambda$refresh$1(PlaceholderManagerImpl.java:91)
26.10.2025 - 20:12:59 - 	at TAB v5.2.1.jar//me.neznamy.tab.shared.cpu.TimedCaughtTask.run(TimedCaughtTask.java:28)
26.10.2025 - 20:12:59 - 	at java.base/java.util.concurrent.Executors$RunnableAdapter.call(Executors.java:545)
26.10.2025 - 20:12:59 - 	at java.base/java.util.concurrent.FutureTask.run(FutureTask.java:328)
26.10.2025 - 20:12:59 - 	at java.base/java.util.concurrent.ScheduledThreadPoolExecutor$ScheduledFutureTask.run(ScheduledThreadPoolExecutor.java:309)
26.10.2025 - 20:12:59 - 	at java.base/java.util.concurrent.ThreadPoolExecutor.runWorker(ThreadPoolExecutor.java:1095)
26.10.2025 - 20:12:59 - 	at java.base/java.util.concurrent.ThreadPoolExecutor$Worker.run(ThreadPoolExecutor.java:619)
26.10.2025 - 20:12:59 - 	at java.base/java.lang.Thread.run(Thread.java:1447)
