[20:20:06] [ServerMain/INFO]: Environment: authHost='https://authserver.mojang.com', accountsHost='https://api.mojang.com', sessionHost='https://sessionserver.mojang.com', servicesHost='https://api.minecraftservices.com', name='PROD'
[20:20:07] [ServerMain/INFO]: Loaded 7 recipes
[20:20:07] [Server thread/INFO]: Starting minecraft server version 1.19.4
[20:20:07] [Server thread/INFO]: Loading properties
[20:20:07] [Server thread/INFO]: This server is running Paper version git-Paper-550 (MC: 1.19.4) (Implementing API version 1.19.4-R0.1-SNAPSHOT) (Git: 483368e on ver/1.19.4)
[20:20:07] [Server thread/INFO]: Server Ping Player Sample Count: 12
[20:20:07] [Server thread/INFO]: Using 4 threads for Netty based IO
[20:20:08] [Server thread/WARN]: [!] The timings profiler has been enabled but has been scheduled for removal from Paper in the future.
    We recommend installing the spark profiler as a replacement: https://spark.lucko.me/
    For more information please visit: https://github.com/PaperMC/Paper/issues/8948
[20:20:08] [Server thread/INFO]: [ChunkTaskScheduler] Chunk system is using 1 I/O threads, 1 worker threads, and gen parallelism of 1 threads
[20:20:08] [Server thread/INFO]: Default game type: SURVIVAL
[20:20:08] [Server thread/INFO]: Generating keypair
[20:20:08] [Server thread/INFO]: Starting Minecraft server on *:25565
[20:20:08] [Server thread/INFO]: Using epoll channel type
[20:20:08] [Server thread/INFO]: Paper: Using libdeflate (Linux x86_64) compression from Velocity.
[20:20:08] [Server thread/INFO]: Paper: Using OpenSSL 3.0.x (Linux x86_64) cipher from Velocity.
[20:20:08] [Server thread/INFO]: Server permissions file permissions.yml is empty, ignoring it
[20:20:08] [Server thread/WARN]: **** SERVER IS RUNNING IN OFFLINE/INSECURE MODE!
[20:20:08] [Server thread/WARN]: The server will make no attempt to authenticate usernames. Beware.
[20:20:08] [Server thread/WARN]: While this makes the game possible to play without internet access, it also opens up the ability for hackers to connect with any username they choose.
[20:20:08] [Server thread/WARN]: To change this, set "online-mode" to "true" in the server.properties file.
[20:20:08] [Server thread/INFO]: Preparing level "world"
[20:20:08] [Server thread/INFO]: Preparing start region for dimension minecraft:overworld
[20:20:09] [Server thread/INFO]: Time elapsed: 143 ms
[20:20:09] [Server thread/INFO]: Preparing start region for dimension minecraft:the_nether
[20:20:09] [Server thread/INFO]: Time elapsed: 68 ms
[20:20:09] [Server thread/INFO]: Preparing start region for dimension minecraft:the_end
[20:20:09] [Server thread/INFO]: Time elapsed: 35 ms
[20:20:09] [Server thread/INFO]: Running delayed init tasks
[20:20:09] [Server thread/INFO]: Done (1.494s)! For help, type "help"
[20:20:09] [Server thread/INFO]: Timings Reset
[20:20:12] [Server thread/INFO]: Server Plugins (0):
[20:21:46] [Server thread/INFO]: [STDOUT] [org.spigotmc.RestartCommand] Startup script './start.sh' does not exist! Stopping server.
[20:21:46] [Server thread/INFO]: Stopping server
[20:21:46] [Server thread/INFO]: Saving players
[20:21:46] [Server thread/INFO]: Saving worlds
[20:21:46] [Server thread/INFO]: Saving chunks for level 'ServerLevel[world]'/minecraft:overworld
[20:21:46] [Server thread/INFO]: [ChunkHolderManager] Waiting 60s for chunk system to halt for world 'world'
[20:21:46] [Server thread/INFO]: [ChunkHolderManager] Halted chunk system for world 'world'
[20:21:46] [Server thread/INFO]: [ChunkHolderManager] Saving all chunkholders for world 'world'
[20:21:47] [Server thread/INFO]: [ChunkHolderManager] Saved 529 block chunks, 529 entity chunks, 0 poi chunks in world 'world' in 0.97s
[20:21:47] [Server thread/INFO]: ThreadedAnvilChunkStorage (world): All chunks are saved
[20:21:47] [Server thread/INFO]: Saving chunks for level 'ServerLevel[world_nether]'/minecraft:the_nether
[20:21:47] [Server thread/INFO]: [ChunkHolderManager] Waiting 60s for chunk system to halt for world 'world_nether'
[20:21:47] [Server thread/INFO]: [ChunkHolderManager] Halted chunk system for world 'world_nether'
[20:21:47] [Server thread/INFO]: [ChunkHolderManager] Saving all chunkholders for world 'world_nether'
[20:21:48] [Server thread/INFO]: [ChunkHolderManager] Saved 529 block chunks, 529 entity chunks, 0 poi chunks in world 'world_nether' in 0.61s
[20:21:48] [Server thread/INFO]: ThreadedAnvilChunkStorage (DIM-1): All chunks are saved
[20:21:48] [Server thread/INFO]: Saving chunks for level 'ServerLevel[world_the_end]'/minecraft:the_end
[20:21:48] [Server thread/INFO]: [ChunkHolderManager] Waiting 60s for chunk system to halt for world 'world_the_end'
[20:21:48] [Server thread/INFO]: [ChunkHolderManager] Halted chunk system for world 'world_the_end'
[20:21:48] [Server thread/INFO]: [ChunkHolderManager] Saving all chunkholders for world 'world_the_end'
[20:21:48] [Server thread/INFO]: [ChunkHolderManager] Saved 529 block chunks, 529 entity chunks, 0 poi chunks in world 'world_the_end' in 0.14s
[20:21:48] [Server thread/INFO]: ThreadedAnvilChunkStorage (DIM1): All chunks are saved
[20:21:48] [Server thread/INFO]: ThreadedAnvilChunkStorage: All dimensions are saved
[20:21:48] [Server thread/INFO]: Flushing Chunk IO
[20:21:48] [Server thread/INFO]: Closing Thread Pool
[20:21:48] [Server thread/INFO]: Closing Server
